{"/Users/agiammarchi/git/as-css-vars/cjs/index.js":{"path":"/Users/agiammarchi/git/as-css-vars/cjs/index.js","s":{"1":1,"2":1,"3":1,"4":5,"5":1,"6":5,"7":5,"8":5,"9":6,"10":5,"11":1,"12":2,"13":1},"b":{"1":[3,2],"2":[4,1]},"f":{"1":1,"2":5,"3":5,"4":6,"5":2},"fnMap":{"1":{"name":"(anonymous_1)","line":1,"loc":{"start":{"line":1,"column":17},"end":{"line":1,"column":33}}},"2":{"name":"asCSSVars","line":3,"loc":{"start":{"line":3,"column":9},"end":{"line":3,"column":44}}},"3":{"name":"asString","line":8,"loc":{"start":{"line":8,"column":2},"end":{"line":8,"column":36}}},"4":{"name":"push","line":11,"loc":{"start":{"line":11,"column":25},"end":{"line":11,"column":44}}},"5":{"name":"place","line":16,"loc":{"start":{"line":16,"column":2},"end":{"line":16,"column":29}}}},"statementMap":{"1":{"start":{"line":1,"column":0},"end":{"line":19,"column":16}},"2":{"start":{"line":2,"column":2},"end":{"line":2,"column":30}},"3":{"start":{"line":3,"column":2},"end":{"line":7,"column":4}},"4":{"start":{"line":4,"column":4},"end":{"line":6,"column":37}},"5":{"start":{"line":8,"column":2},"end":{"line":15,"column":3}},"6":{"start":{"line":9,"column":4},"end":{"line":9,"column":17}},"7":{"start":{"line":10,"column":4},"end":{"line":10,"column":18}},"8":{"start":{"line":11,"column":4},"end":{"line":13,"column":7}},"9":{"start":{"line":12,"column":6},"end":{"line":12,"column":75}},"10":{"start":{"line":14,"column":4},"end":{"line":14,"column":51}},"11":{"start":{"line":16,"column":2},"end":{"line":18,"column":3}},"12":{"start":{"line":17,"column":4},"end":{"line":17,"column":39}},"13":{"start":{"line":20,"column":0},"end":{"line":20,"column":27}}},"branchMap":{"1":{"line":4,"type":"cond-expr","locations":[{"start":{"line":5,"column":6},"end":{"line":5,"column":26}},{"start":{"line":6,"column":6},"end":{"line":6,"column":36}}]},"2":{"line":14,"type":"cond-expr","locations":[{"start":{"line":14,"column":25},"end":{"line":14,"column":44}},{"start":{"line":14,"column":48},"end":{"line":14,"column":50}}]}}}}